<?xml version="1.0" encoding="UTF-8"?>
<testng-results ignored="0" total="1" passed="1" failed="0" skipped="0">
  <reporter-output>
  </reporter-output>
  <suite started-at="2023-05-24T09:27:23Z" name="Default suite" finished-at="2023-05-24T09:27:34Z" duration-ms="10923">
    <groups>
    </groups>
    <test started-at="2023-05-24T09:27:23Z" name="Default test" finished-at="2023-05-24T09:27:34Z" duration-ms="10923">
      <class name="script.SearchAddCartWithLogin">
        <test-method is-config="true" signature="createReport()[pri:0, instance:script.SearchAddCartWithLogin@4722ef0c]" started-at="2023-05-24T09:27:23Z" name="createReport" finished-at="2023-05-24T09:27:23Z" duration-ms="232" status="PASS">
          <reporter-output>
          </reporter-output>
        </test-method> <!-- createReport -->
        <test-method is-config="true" signature="openApp(java.lang.reflect.Method, java.lang.String)[pri:0, instance:script.SearchAddCartWithLogin@4722ef0c]" started-at="2023-05-24T09:27:23Z" name="openApp" finished-at="2023-05-24T09:27:34Z" duration-ms="10586" status="PASS">
          <params>
            <param index="0">
              <value>
                <![CDATA[public void script.SearchAddCartWithLogin.AddProducttocartwithLogin() throws java.lang.Throwable]]>
              </value>
            </param>
            <param index="1">
              <value>
                <![CDATA[stage.properties]]>
              </value>
            </param>
          </params>
          <reporter-output>
          </reporter-output>
        </test-method> <!-- openApp -->
        <test-method signature="AddProducttocartwithLogin()[pri:8, instance:script.SearchAddCartWithLogin@4722ef0c]" started-at="2023-05-24T09:27:34Z" name="AddProducttocartwithLogin" finished-at="2023-05-24T09:27:34Z" duration-ms="48" status="PASS">
          <reporter-output>
          </reporter-output>
        </test-method> <!-- AddProducttocartwithLogin -->
        <test-method is-config="true" signature="closeApp(org.testng.ITestResult)[pri:0, instance:script.SearchAddCartWithLogin@4722ef0c]" started-at="2023-05-24T09:27:34Z" name="closeApp" finished-at="2023-05-24T09:27:34Z" duration-ms="278" status="PASS">
          <params>
            <param index="0">
              <value>
                <![CDATA[[TestResult name=AddProducttocartwithLogin status=SUCCESS method=SearchAddCartWithLogin.AddProducttocartwithLogin()[pri:8, instance:script.SearchAddCartWithLogin@4722ef0c] output={null}]]]>
              </value>
            </param>
          </params>
          <reporter-output>
          </reporter-output>
        </test-method> <!-- closeApp -->
        <test-method is-config="true" signature="publishReport()[pri:0, instance:script.SearchAddCartWithLogin@4722ef0c]" started-at="2023-05-24T09:27:34Z" name="publishReport" finished-at="2023-05-24T09:27:35Z" duration-ms="260" status="PASS">
          <reporter-output>
          </reporter-output>
        </test-method> <!-- publishReport -->
      </class> <!-- script.SearchAddCartWithLogin -->
    </test> <!-- Default test -->
  </suite> <!-- Default suite -->
</testng-results>
