<?xml version="1.0" encoding="UTF-8"?>
<!-- Generated by org.testng.reporters.JUnitXMLReporter -->
<testsuite ignored="2" hostname="Jisha-HP-ENVY-Laptop" failures="0" tests="2" name="Test" time="37.793" errors="0" timestamp="27 Apr 2023 10:55:32 GMT">
  <testcase classname="script.SignUp" name="testSignUpPopUp" time="15.911"/>
  <testcase classname="script.ValidSignUp" name="testValidSignUp" time="5.211"/>
  <testcase classname="generic.CommonBaseTest" name="@AfterSuite publishReport" time="0.0">
    <ignored/>
  </testcase> <!-- @AfterSuite publishReport -->
  <testcase classname="generic.CommonBaseTest" name="@BeforeSuite createReport" time="0.0">
    <ignored/>
  </testcase> <!-- @BeforeSuite createReport -->
</testsuite> <!-- Test -->
